<?xml version="1.0" encoding="UTF-8"?>
<!-- Generated by org.testng.reporters.JUnitXMLReporter -->
<testsuite hostname="DESKTOP-6S650UI" ignored="0" name="Default test" tests="3" failures="0" timestamp="03 Dec 2022 15:11:25 GMT" time="22.623" errors="0">
  <testcase name="CheckingOutMoreThanOneProduct" time="10.156" classname="login.TestNgParallel"/>
  <testcase name="CheckingOutOneProduct" time="5.723" classname="login.TestNgParallel"/>
  <testcase name="EditingCartBeforeCheckOut" time="6.602" classname="login.TestNgParallel"/>
</testsuite> <!-- Default test -->
