<?xml version="1.0" encoding="UTF-8"?>
<testng-results skipped="0" failed="0" ignored="0" total="3" passed="3">
  <reporter-output>
  </reporter-output>
  <suite name="Default suite" duration-ms="22623" started-at="2022-12-03T15:11:02Z" finished-at="2022-12-03T15:11:25Z">
    <groups>
    </groups>
    <test name="Default test" duration-ms="22623" started-at="2022-12-03T15:11:02Z" finished-at="2022-12-03T15:11:25Z">
      <class name="login.TestNgParallel">
        <test-method status="PASS" signature="CheckingOutMoreThanOneProduct()[pri:0, instance:login.TestNgParallel@15bb5034]" name="CheckingOutMoreThanOneProduct" duration-ms="10156" started-at="2022-12-03T15:11:03Z" finished-at="2022-12-03T15:11:13Z">
          <reporter-output>
          </reporter-output>
        </test-method> <!-- CheckingOutMoreThanOneProduct -->
        <test-method status="PASS" signature="CheckingOutOneProduct()[pri:0, instance:login.TestNgParallel@15bb5034]" name="CheckingOutOneProduct" duration-ms="5723" started-at="2022-12-03T15:11:13Z" finished-at="2022-12-03T15:11:18Z">
          <reporter-output>
          </reporter-output>
        </test-method> <!-- CheckingOutOneProduct -->
        <test-method status="PASS" signature="EditingCartBeforeCheckOut()[pri:0, instance:login.TestNgParallel@15bb5034]" name="EditingCartBeforeCheckOut" duration-ms="6602" started-at="2022-12-03T15:11:19Z" finished-at="2022-12-03T15:11:25Z">
          <reporter-output>
          </reporter-output>
        </test-method> <!-- EditingCartBeforeCheckOut -->
      </class> <!-- login.TestNgParallel -->
    </test> <!-- Default test -->
  </suite> <!-- Default suite -->
</testng-results>
